<?xml version="1.0" encoding="UTF-8"?>
<testsuite xmlns:xsi="http://www.w3.org/2001/XMLSchema-instance" xsi:noNamespaceSchemaLocation="https://maven.apache.org/surefire/maven-surefire-plugin/xsd/surefire-test-report.xsd" name="com.bharath.product.AppTest" time="0.154" tests="1" errors="0" skipped="0" failures="0">
  <properties>
    <property name="sun.desktop" value="windows"/>
    <property name="awt.toolkit" value="sun.awt.windows.WToolkit"/>
    <property name="java.specification.version" value="11"/>
    <property name="sun.cpu.isalist" value="amd64"/>
    <property name="sun.jnu.encoding" value="MS932"/>
    <property name="java.class.path" value="C:\Users\yanag\Documents\EclipseWorkSpace\MavenFromEc\productservices\target\test-classes;C:\Users\yanag\Documents\EclipseWorkSpace\MavenFromEc\productservices\target\classes;C:\Users\yanag\.m2\repository\junit\junit\4.11\junit-4.11.jar;C:\Users\yanag\.m2\repository\org\hamcrest\hamcrest-core\1.3\hamcrest-core-1.3.jar;"/>
    <property name="java.vm.vendor" value="Oracle Corporation"/>
    <property name="sun.arch.data.model" value="64"/>
    <property name="user.variant" value=""/>
    <property name="java.vendor.url" value="http://java.oracle.com/"/>
    <property name="user.timezone" value="GMT+09:00"/>
    <property name="java.vm.specification.version" value="11"/>
    <property name="os.name" value="Windows 10"/>
    <property name="sun.java.launcher" value="SUN_STANDARD"/>
    <property name="user.country" value="JP"/>
    <property name="sun.boot.library.path" value="C:\Users\yanag\Java\jdk-11\bin"/>
    <property name="sun.java.command" value="C:\Users\yanag\AppData\Local\Temp\surefire5927573563603382939\surefirebooter15854636194636539246.jar C:\Users\yanag\AppData\Local\Temp\surefire5927573563603382939 2021-04-04T13-44-30_161-jvmRun1 surefire1396311058093238198tmp surefire_015644419687927340492tmp"/>
    <property name="jdk.debug" value="release"/>
    <property name="surefire.test.class.path" value="C:\Users\yanag\Documents\EclipseWorkSpace\MavenFromEc\productservices\target\test-classes;C:\Users\yanag\Documents\EclipseWorkSpace\MavenFromEc\productservices\target\classes;C:\Users\yanag\.m2\repository\junit\junit\4.11\junit-4.11.jar;C:\Users\yanag\.m2\repository\org\hamcrest\hamcrest-core\1.3\hamcrest-core-1.3.jar;"/>
    <property name="sun.cpu.endian" value="little"/>
    <property name="user.home" value="C:\Users\yanag"/>
    <property name="user.language" value="ja"/>
    <property name="java.specification.vendor" value="Oracle Corporation"/>
    <property name="java.version.date" value="2018-09-25"/>
    <property name="java.home" value="C:\Users\yanag\Java\jdk-11"/>
    <property name="file.separator" value="\"/>
    <property name="basedir" value="C:\Users\yanag\Documents\EclipseWorkSpace\MavenFromEc\productservices"/>
    <property name="java.vm.compressedOopsMode" value="Zero based"/>
    <property name="line.separator" value="&#10;"/>
    <property name="java.specification.name" value="Java Platform API Specification"/>
    <property name="java.vm.specification.vendor" value="Oracle Corporation"/>
    <property name="java.awt.graphicsenv" value="sun.awt.Win32GraphicsEnvironment"/>
    <property name="surefire.real.class.path" value="C:\Users\yanag\AppData\Local\Temp\surefire5927573563603382939\surefirebooter15854636194636539246.jar"/>
    <property name="user.script" value=""/>
    <property name="sun.management.compiler" value="HotSpot 64-Bit Tiered Compilers"/>
    <property name="java.runtime.version" value="11+28"/>
    <property name="user.name" value="yanag"/>
    <property name="path.separator" value=";"/>
    <property name="os.version" value="10.0"/>
    <property name="java.runtime.name" value="OpenJDK Runtime Environment"/>
    <property name="file.encoding" value="MS932"/>
    <property name="java.vm.name" value="OpenJDK 64-Bit Server VM"/>
    <property name="java.vendor.version" value="18.9"/>
    <property name="localRepository" value="C:\Users\yanag\.m2\repository"/>
    <property name="java.vendor.url.bug" value="http://bugreport.java.com/bugreport/"/>
    <property name="java.io.tmpdir" value="C:\Users\yanag\AppData\Local\Temp\"/>
    <property name="java.version" value="11"/>
    <property name="user.dir" value="C:\Users\yanag\Documents\EclipseWorkSpace\MavenFromEc\productservices"/>
    <property name="os.arch" value="amd64"/>
    <property name="java.vm.specification.name" value="Java Virtual Machine Specification"/>
    <property name="java.awt.printerjob" value="sun.awt.windows.WPrinterJob"/>
    <property name="sun.os.patch.level" value=""/>
    <property name="java.library.path" value="C:\Users\yanag\Java\jdk-11\bin;C:\windows\Sun\Java\bin;C:\windows\system32;C:\windows;C:/Users/yanag/Java/jdk-11/bin/server;C:/Users/yanag/Java/jdk-11/bin;C:\oraclexe\app\oracle\product\11.2.0\server\bin;C:\Python38\Scripts\;C:\Python38\;C:\windows\system32;C:\windows;C:\windows\System32\Wbem;C:\windows\System32\WindowsPowerShell\v1.0\;C:\windows\System32\OpenSSH\;C:\Users\yanag\Java\jdk-11bin;C:\Program Files\nodejs\;C:\ProgramData\chocolatey\bin;C:\HashiCorp\Vagrant\bin;C:\Program Files\Git\cmd;C:\Program Files\PuTTY\;C:\Users\yanag\Maven\apache-maven-3.6.3\bin;C:\Users\yanag\anaconda3;C:\Users\yanag\anaconda3\Library\mingw-w64\bin;C:\Users\yanag\anaconda3\Library\usr\bin;C:\Users\yanag\anaconda3\Library\bin;C:\Users\yanag\anaconda3\Scripts;C:\Users\yanag\AppData\Local\Microsoft\WindowsApps;C:\Users\yanag\AppData\Local\Programs\Microsoft VS Code\bin;C:\Users\yanag\AppData\Local\atom\bin;C:\Users\yanag\AppData\Roaming\npm;C:\Users\yanag\Java\jdk-11\bin;;C:\Users\yanag\eclipse\jee-2020-03\eclipse;;."/>
    <property name="java.vendor" value="Oracle Corporation"/>
    <property name="java.vm.info" value="mixed mode"/>
    <property name="java.vm.version" value="11+28"/>
    <property name="sun.io.unicode.encoding" value="UnicodeLittle"/>
    <property name="java.class.version" value="55.0"/>
  </properties>
  <testcase name="shouldAnswerWithTrue" classname="com.bharath.product.AppTest" time="0.003"/>
</testsuite>